<?xml version="1.0" encoding="UTF-8"?>
<!-- Generated by org.testng.reporters.JUnitReportReporter -->
<testsuite hostname="DESKTOP-G3CV4PD" failures="0" tests="2" name="testCases.LaptopTest" time="16.304" errors="0" timestamp="2022-07-27T01:50:05 IST" skipped="1">
  <testcase classname="testCases.LaptopTest" name="deleteLaptop" time="16.304"/>
  <system-out/>
  <testcase classname="testCases.LaptopTest" name="Laptoptest">
    <skipped/>
  </testcase> <!-- Laptoptest -->
  <system-out/>
</testsuite> <!-- testCases.LaptopTest -->
