<?xml version="1.0" encoding="UTF-8"?>
<!-- Generated by org.testng.reporters.JUnitReportReporter -->
<testsuite hostname="DESKTOP-G3CV4PD" failures="0" tests="2" name="testCases.MonitorTest" time="48.770" errors="0" timestamp="2022-07-26T15:07:31 IST" skipped="0">
  <testcase classname="testCases.MonitorTest" name="monitorTest" time="30.927"/>
  <system-out/>
  <testcase classname="testCases.MonitorTest" name="laptoptoCart" time="17.843"/>
  <system-out/>
</testsuite> <!-- testCases.MonitorTest -->
