<?xml version="1.0" encoding="UTF-8"?>
<!-- Generated by org.testng.reporters.JUnitReportReporter -->
<testsuite hostname="DESKTOP-G3CV4PD" failures="0" tests="10" name="testCases.HomePageModulesTest" time="23.894" errors="0" timestamp="2022-07-25T20:47:38 IST" skipped="9">
  <testcase classname="testCases.HomePageModulesTest" name="nextPrevListTest" time="23.894"/>
  <system-out/>
  <testcase classname="testCases.HomePageModulesTest" name="LoginTest">
    <skipped/>
  </testcase> <!-- LoginTest -->
  <system-out/>
  <testcase classname="testCases.HomePageModulesTest" name="aboutUsTest">
    <skipped/>
  </testcase> <!-- aboutUsTest -->
  <system-out/>
  <testcase classname="testCases.HomePageModulesTest" name="logoutTest">
    <skipped/>
  </testcase> <!-- logoutTest -->
  <system-out/>
  <testcase classname="testCases.HomePageModulesTest" name="contactTest">
    <skipped/>
  </testcase> <!-- contactTest -->
  <system-out/>
  <testcase classname="testCases.HomePageModulesTest" name="bannerSlidingTest">
    <skipped/>
  </testcase> <!-- bannerSlidingTest -->
  <system-out/>
  <testcase classname="testCases.HomePageModulesTest" name="homeLinkTest">
    <skipped/>
  </testcase> <!-- homeLinkTest -->
  <system-out/>
  <testcase classname="testCases.HomePageModulesTest" name="logoTest">
    <skipped/>
  </testcase> <!-- logoTest -->
  <system-out/>
  <testcase classname="testCases.HomePageModulesTest" name="cartTest">
    <skipped/>
  </testcase> <!-- cartTest -->
  <system-out/>
  <testcase classname="testCases.HomePageModulesTest" name="RegistrationTest">
    <skipped/>
  </testcase> <!-- RegistrationTest -->
  <system-out/>
</testsuite> <!-- testCases.HomePageModulesTest -->
