<?xml version="1.0" encoding="UTF-8"?>
<!-- Generated by org.testng.reporters.JUnitReportReporter -->
<testsuite hostname="DESKTOP-G3CV4PD" failures="0" tests="2" name="testCases.CartPageTest" time="15.238" errors="0" timestamp="2022-07-27T01:01:25 IST" skipped="1">
  <testcase classname="testCases.CartPageTest" name="productsPurchaseTest" time="15.238"/>
  <system-out/>
  <testcase classname="testCases.CartPageTest" name="productDeletionTest">
    <skipped/>
  </testcase> <!-- productDeletionTest -->
  <system-out/>
</testsuite> <!-- testCases.CartPageTest -->
