<?xml version="1.0" encoding="UTF-8"?>
<!-- Generated by org.testng.reporters.JUnitReportReporter -->
<testsuite hostname="ABHISHEK" failures="0" tests="2" name="testCases.MonitorTest" time="52.347" errors="0" timestamp="2022-07-26T00:29:29 IST" skipped="1">
  <testcase classname="testCases.MonitorTest" name="monitorTest" time="52.347"/>
  <system-out/>
  <testcase classname="testCases.MonitorTest" name="laptoptoCart">
    <skipped/>
  </testcase> <!-- laptoptoCart -->
  <system-out/>
</testsuite> <!-- testCases.MonitorTest -->
