<?xml version="1.0" encoding="UTF-8"?>
<!-- Generated by org.testng.reporters.JUnitReportReporter -->
<testsuite hostname="DESKTOP-G3CV4PD" failures="0" tests="1" name="test.demoBlaze.AppTest" time="5.936" errors="0" timestamp="2022-07-24T02:02:56 IST" skipped="0">
  <testcase classname="test.demoBlaze.AppTest" name="shouldAnswerWithTrue" time="5.936"/>
  <system-out/>
</testsuite> <!-- test.demoBlaze.AppTest -->
