<?xml version="1.0" encoding="UTF-8"?>
<!-- Generated by org.testng.reporters.JUnitReportReporter -->
<testsuite hostname="DESKTOP-G3CV4PD" failures="0" tests="8" name="testCases.HomePageModulesTest" time="25.001" errors="0" timestamp="2022-07-25T16:04:59 IST" skipped="6">
  <testcase classname="testCases.HomePageModulesTest" name="LoginTest" time="11.389"/>
  <system-out/>
  <testcase classname="testCases.HomePageModulesTest" name="logOutTest" time="13.612"/>
  <system-out/>
  <testcase classname="testCases.HomePageModulesTest" name="aboutUsTest">
    <skipped/>
  </testcase> <!-- aboutUsTest -->
  <system-out/>
  <testcase classname="testCases.HomePageModulesTest" name="contactTest">
    <skipped/>
  </testcase> <!-- contactTest -->
  <system-out/>
  <testcase classname="testCases.HomePageModulesTest" name="homeLinkTest">
    <skipped/>
  </testcase> <!-- homeLinkTest -->
  <system-out/>
  <testcase classname="testCases.HomePageModulesTest" name="logoTest">
    <skipped/>
  </testcase> <!-- logoTest -->
  <system-out/>
  <testcase classname="testCases.HomePageModulesTest" name="cartTest">
    <skipped/>
  </testcase> <!-- cartTest -->
  <system-out/>
  <testcase classname="testCases.HomePageModulesTest" name="RegistrationTest">
    <skipped/>
  </testcase> <!-- RegistrationTest -->
  <system-out/>
</testsuite> <!-- testCases.HomePageModulesTest -->
