<?xml version="1.0" encoding="UTF-8"?>
<!-- Generated by org.testng.reporters.JUnitReportReporter -->
<testsuite hostname="DESKTOP-G3CV4PD" failures="0" tests="2" name="testCases.HomePageModulesTest" time="19.650" errors="0" timestamp="2022-07-25T00:05:37 IST" skipped="0">
  <testcase classname="testCases.HomePageModulesTest" name="RegistrationTest" time="8.383"/>
  <system-out/>
  <testcase classname="testCases.HomePageModulesTest" name="LoginTest" time="11.267"/>
  <system-out/>
</testsuite> <!-- testCases.HomePageModulesTest -->
