<?xml version="1.0" encoding="UTF-8"?>
<!-- Generated by org.testng.reporters.JUnitReportReporter -->
<testsuite hostname="DESKTOP-G3CV4PD" failures="0" tests="1" name="testCases.PhonesModuleTest" time="65.564" errors="0" timestamp="2022-07-27T01:01:25 IST" skipped="0">
  <testcase classname="testCases.PhonesModuleTest" name="addingPhonestoCartTest" time="65.564"/>
  <system-out/>
</testsuite> <!-- testCases.PhonesModuleTest -->
