<?xml version="1.0" encoding="UTF-8"?>
<!-- Generated by org.testng.reporters.JUnitReportReporter -->
<testsuite hostname="DESKTOP-G3CV4PD" failures="0" tests="1" name="testCases.HomePageModulesTest" time="6.648" errors="0" timestamp="2022-07-24T21:51:49 IST" skipped="0">
  <testcase classname="testCases.HomePageModulesTest" name="RegistrationTest" time="6.648"/>
  <system-out/>
</testsuite> <!-- testCases.HomePageModulesTest -->
