<?xml version="1.0" encoding="UTF-8"?>
<!-- Generated by org.testng.reporters.JUnitReportReporter -->
<testsuite hostname="DESKTOP-G3CV4PD" failures="0" tests="1" name="testCases.CartPageTest" time="16.805" errors="0" timestamp="2022-07-26T02:21:38 IST" skipped="0">
  <testcase classname="testCases.CartPageTest" name="productsPurchaseTest" time="16.805"/>
  <system-out/>
</testsuite> <!-- testCases.CartPageTest -->
