<?xml version="1.0" encoding="UTF-8"?>
<!-- Generated by org.testng.reporters.JUnitReportReporter -->
<testsuite hostname="DESKTOP-G3CV4PD" failures="0" tests="4" name="testCases.HomePageModulesTest" time="17.799" errors="0" timestamp="2022-07-25T14:46:33 IST" skipped="3">
  <testcase classname="testCases.HomePageModulesTest" name="aboutUsTest" time="17.799"/>
  <system-out/>
  <testcase classname="testCases.HomePageModulesTest" name="LoginTest">
    <skipped/>
  </testcase> <!-- LoginTest -->
  <system-out/>
  <testcase classname="testCases.HomePageModulesTest" name="cartTest">
    <skipped/>
  </testcase> <!-- cartTest -->
  <system-out/>
  <testcase classname="testCases.HomePageModulesTest" name="RegistrationTest">
    <skipped/>
  </testcase> <!-- RegistrationTest -->
  <system-out/>
</testsuite> <!-- testCases.HomePageModulesTest -->
